<?xml version="1.0" encoding="UTF-8"?>
<testng-results ignored="0" total="4" passed="3" failed="1" skipped="0">
  <reporter-output>
  </reporter-output>
  <suite started-at="2020-11-18T00:39:30 IST" name="Suite" finished-at="2020-11-18T00:39:44 IST" duration-ms="14180">
    <groups>
    </groups>
    <test started-at="2020-11-18T00:39:30 IST" name="Homepage" finished-at="2020-11-18T00:39:42 IST" duration-ms="12051">
      <class name="Academy.HomePage">
        <test-method is-config="true" signature="initialize()[pri:0, instance:Academy.HomePage@1a2e2935]" started-at="2020-11-18T00:39:30 IST" name="initialize" finished-at="2020-11-18T00:39:40 IST" duration-ms="10457" status="PASS">
          <reporter-output>
          </reporter-output>
        </test-method> <!-- initialize -->
        <test-method signature="baseNavigation(java.lang.String, java.lang.String, java.lang.String)[pri:0, instance:Academy.HomePage@1a2e2935]" started-at="2020-11-18T00:39:40 IST" name="baseNavigation" data-provider="getData" finished-at="2020-11-18T00:39:41 IST" duration-ms="812" status="PASS">
          <params>
            <param index="0">
              <value>
                <![CDATA[randam@xyz.com]]>
              </value>
            </param>
            <param index="1">
              <value>
                <![CDATA[1455778]]>
              </value>
            </param>
            <param index="2">
              <value>
                <![CDATA[Invalid ID]]>
              </value>
            </param>
          </params>
          <reporter-output>
          </reporter-output>
        </test-method> <!-- baseNavigation -->
        <test-method signature="baseNavigation(java.lang.String, java.lang.String, java.lang.String)[pri:0, instance:Academy.HomePage@1a2e2935]" started-at="2020-11-18T00:39:41 IST" name="baseNavigation" data-provider="getData" finished-at="2020-11-18T00:39:42 IST" duration-ms="620" status="PASS">
          <params>
            <param index="0">
              <value>
                <![CDATA[test@test.com]]>
              </value>
            </param>
            <param index="1">
              <value>
                <![CDATA[1245454]]>
              </value>
            </param>
            <param index="2">
              <value>
                <![CDATA[Valid ID]]>
              </value>
            </param>
          </params>
          <reporter-output>
          </reporter-output>
        </test-method> <!-- baseNavigation -->
        <test-method is-config="true" signature="teardown()[pri:0, instance:Academy.HomePage@1a2e2935]" started-at="2020-11-18T00:39:42 IST" name="teardown" finished-at="2020-11-18T00:39:42 IST" duration-ms="144" status="PASS">
          <reporter-output>
          </reporter-output>
        </test-method> <!-- teardown -->
      </class> <!-- Academy.HomePage -->
    </test> <!-- Homepage -->
    <test started-at="2020-11-18T00:39:30 IST" name="Navigation" finished-at="2020-11-18T00:39:44 IST" duration-ms="13628">
      <class name="Academy.Navigation">
        <test-method is-config="true" signature="initialize()[pri:0, instance:Academy.Navigation@6970140a]" started-at="2020-11-18T00:39:30 IST" name="initialize" finished-at="2020-11-18T00:39:39 IST" duration-ms="8829" status="PASS">
          <reporter-output>
          </reporter-output>
        </test-method> <!-- initialize -->
        <test-method signature="baseNavigation()[pri:0, instance:Academy.Navigation@6970140a]" started-at="2020-11-18T00:39:39 IST" name="baseNavigation" finished-at="2020-11-18T00:39:39 IST" duration-ms="260" status="PASS">
          <reporter-output>
          </reporter-output>
        </test-method> <!-- baseNavigation -->
        <test-method is-config="true" signature="teardown()[pri:0, instance:Academy.Navigation@6970140a]" started-at="2020-11-18T00:39:39 IST" name="teardown" finished-at="2020-11-18T00:39:44 IST" duration-ms="4528" status="PASS">
          <reporter-output>
          </reporter-output>
        </test-method> <!-- teardown -->
      </class> <!-- Academy.Navigation -->
    </test> <!-- Navigation -->
    <test started-at="2020-11-18T00:39:30 IST" name="Validation" finished-at="2020-11-18T00:39:44 IST" duration-ms="14180">
      <class name="Academy.Validation">
        <test-method is-config="true" signature="initialize()[pri:0, instance:Academy.Validation@27e0f2f5]" started-at="2020-11-18T00:39:30 IST" name="initialize" finished-at="2020-11-18T00:39:38 IST" duration-ms="8310" status="PASS">
          <reporter-output>
          </reporter-output>
        </test-method> <!-- initialize -->
        <test-method signature="baseNavigation()[pri:0, instance:Academy.Validation@27e0f2f5]" started-at="2020-11-18T00:39:38 IST" name="baseNavigation" finished-at="2020-11-18T00:39:39 IST" duration-ms="492" status="FAIL">
          <exception class="java.lang.AssertionError">
            <message>
              <![CDATA[expected [FEATURED COURSES123] but found [FEATURED COURSES]]]>
            </message>
            <full-stacktrace>
              <![CDATA[java.lang.AssertionError: expected [FEATURED COURSES123] but found [FEATURED COURSES]
at org.testng.Assert.fail(Assert.java:99)
at org.testng.Assert.failNotEquals(Assert.java:1037)
at org.testng.Assert.assertEqualsImpl(Assert.java:140)
at org.testng.Assert.assertEquals(Assert.java:122)
at org.testng.Assert.assertEquals(Assert.java:629)
at org.testng.Assert.assertEquals(Assert.java:639)
at Academy.Validation.baseNavigation(Validation.java:33)
at java.base/jdk.internal.reflect.NativeMethodAccessorImpl.invoke0(Native Method)
at java.base/jdk.internal.reflect.NativeMethodAccessorImpl.invoke(NativeMethodAccessorImpl.java:62)
at java.base/jdk.internal.reflect.DelegatingMethodAccessorImpl.invoke(DelegatingMethodAccessorImpl.java:43)
at java.base/java.lang.reflect.Method.invoke(Method.java:566)
at org.testng.internal.MethodInvocationHelper.invokeMethod(MethodInvocationHelper.java:132)
at org.testng.internal.TestInvoker.invokeMethod(TestInvoker.java:599)
at org.testng.internal.TestInvoker.invokeTestMethod(TestInvoker.java:174)
at org.testng.internal.MethodRunner.runInSequence(MethodRunner.java:46)
at org.testng.internal.TestInvoker$MethodInvocationAgent.invoke(TestInvoker.java:822)
at org.testng.internal.TestInvoker.invokeTestMethods(TestInvoker.java:147)
at org.testng.internal.TestMethodWorker.invokeTestMethods(TestMethodWorker.java:146)
at org.testng.internal.TestMethodWorker.run(TestMethodWorker.java:128)
at java.base/java.util.ArrayList.forEach(ArrayList.java:1541)
at org.testng.TestRunner.privateRun(TestRunner.java:764)
at org.testng.TestRunner.run(TestRunner.java:585)
at org.testng.SuiteRunner.runTest(SuiteRunner.java:384)
at org.testng.SuiteRunner.access$000(SuiteRunner.java:28)
at org.testng.SuiteRunner$SuiteWorker.run(SuiteRunner.java:425)
at org.testng.internal.thread.ThreadUtil.lambda$execute$0(ThreadUtil.java:66)
at java.base/java.util.concurrent.FutureTask.run(FutureTask.java:264)
at java.base/java.util.concurrent.ThreadPoolExecutor.runWorker(ThreadPoolExecutor.java:1128)
at java.base/java.util.concurrent.ThreadPoolExecutor$Worker.run(ThreadPoolExecutor.java:628)
at java.base/java.lang.Thread.run(Thread.java:834)
]]>
            </full-stacktrace>
          </exception> <!-- java.lang.AssertionError -->
          <reporter-output>
          </reporter-output>
        </test-method> <!-- baseNavigation -->
        <test-method is-config="true" signature="teardown()[pri:0, instance:Academy.Validation@27e0f2f5]" started-at="2020-11-18T00:39:40 IST" name="teardown" finished-at="2020-11-18T00:39:44 IST" duration-ms="4353" status="PASS">
          <reporter-output>
          </reporter-output>
        </test-method> <!-- teardown -->
      </class> <!-- Academy.Validation -->
    </test> <!-- Validation -->
  </suite> <!-- Suite -->
</testng-results>
