<?xml version="1.0" encoding="UTF-8"?>
<testng-results ignored="0" total="4" passed="3" failed="1" skipped="0">
  <reporter-output>
  </reporter-output>
  <suite started-at="2020-11-16T18:27:47 IST" name="Suite" finished-at="2020-11-16T18:28:04 IST" duration-ms="17072">
    <groups>
    </groups>
    <test started-at="2020-11-16T18:27:47 IST" name="Navigation" finished-at="2020-11-16T18:28:00 IST" duration-ms="13165">
      <class name="Academy.Navigation">
        <test-method is-config="true" signature="initialize()[pri:0, instance:Academy.Navigation@2d0566ba]" started-at="2020-11-16T18:27:47 IST" name="initialize" finished-at="2020-11-16T18:28:00 IST" duration-ms="12585" status="PASS">
          <reporter-output>
          </reporter-output>
        </test-method> <!-- initialize -->
        <test-method signature="baseNavigation()[pri:0, instance:Academy.Navigation@2d0566ba]" started-at="2020-11-16T18:28:00 IST" name="baseNavigation" finished-at="2020-11-16T18:28:00 IST" duration-ms="115" status="PASS">
          <reporter-output>
          </reporter-output>
        </test-method> <!-- baseNavigation -->
        <test-method is-config="true" signature="teardown()[pri:0, instance:Academy.Navigation@2d0566ba]" started-at="2020-11-16T18:28:00 IST" name="teardown" finished-at="2020-11-16T18:28:00 IST" duration-ms="443" status="PASS">
          <reporter-output>
          </reporter-output>
        </test-method> <!-- teardown -->
      </class> <!-- Academy.Navigation -->
    </test> <!-- Navigation -->
    <test started-at="2020-11-16T18:27:47 IST" name="Homepage" finished-at="2020-11-16T18:28:02 IST" duration-ms="14591">
      <class name="Academy.HomePage">
        <test-method is-config="true" signature="initialize()[pri:0, instance:Academy.HomePage@475b7792]" started-at="2020-11-16T18:27:47 IST" name="initialize" finished-at="2020-11-16T18:28:01 IST" duration-ms="13575" status="PASS">
          <reporter-output>
          </reporter-output>
        </test-method> <!-- initialize -->
        <test-method signature="baseNavigation(java.lang.String, java.lang.String, java.lang.String)[pri:0, instance:Academy.HomePage@475b7792]" started-at="2020-11-16T18:28:01 IST" name="baseNavigation" data-provider="getData" finished-at="2020-11-16T18:28:01 IST" duration-ms="475" status="PASS">
          <params>
            <param index="0">
              <value>
                <![CDATA[randam@xyz.com]]>
              </value>
            </param>
            <param index="1">
              <value>
                <![CDATA[1455778]]>
              </value>
            </param>
            <param index="2">
              <value>
                <![CDATA[Invalid ID]]>
              </value>
            </param>
          </params>
          <reporter-output>
          </reporter-output>
        </test-method> <!-- baseNavigation -->
        <test-method signature="baseNavigation(java.lang.String, java.lang.String, java.lang.String)[pri:0, instance:Academy.HomePage@475b7792]" started-at="2020-11-16T18:28:01 IST" name="baseNavigation" data-provider="getData" finished-at="2020-11-16T18:28:02 IST" duration-ms="365" status="PASS">
          <params>
            <param index="0">
              <value>
                <![CDATA[test@test.com]]>
              </value>
            </param>
            <param index="1">
              <value>
                <![CDATA[1245454]]>
              </value>
            </param>
            <param index="2">
              <value>
                <![CDATA[Valid ID]]>
              </value>
            </param>
          </params>
          <reporter-output>
          </reporter-output>
        </test-method> <!-- baseNavigation -->
        <test-method is-config="true" signature="teardown()[pri:0, instance:Academy.HomePage@475b7792]" started-at="2020-11-16T18:28:02 IST" name="teardown" finished-at="2020-11-16T18:28:02 IST" duration-ms="149" status="PASS">
          <reporter-output>
          </reporter-output>
        </test-method> <!-- teardown -->
      </class> <!-- Academy.HomePage -->
    </test> <!-- Homepage -->
    <test started-at="2020-11-16T18:27:47 IST" name="Validation" finished-at="2020-11-16T18:28:04 IST" duration-ms="17072">
      <class name="Academy.Validation">
        <test-method is-config="true" signature="initialize()[pri:0, instance:Academy.Validation@41c07648]" started-at="2020-11-16T18:27:47 IST" name="initialize" finished-at="2020-11-16T18:27:59 IST" duration-ms="11941" status="PASS">
          <reporter-output>
          </reporter-output>
        </test-method> <!-- initialize -->
        <test-method signature="baseNavigation()[pri:0, instance:Academy.Validation@41c07648]" started-at="2020-11-16T18:27:59 IST" name="baseNavigation" finished-at="2020-11-16T18:27:59 IST" duration-ms="101" status="FAIL">
          <exception class="java.lang.AssertionError">
            <message>
              <![CDATA[expected [FEATURED COURSES123] but found [FEATURED COURSES]]]>
            </message>
            <full-stacktrace>
              <![CDATA[java.lang.AssertionError: expected [FEATURED COURSES123] but found [FEATURED COURSES]
at org.testng.Assert.fail(Assert.java:99)
at org.testng.Assert.failNotEquals(Assert.java:1037)
at org.testng.Assert.assertEqualsImpl(Assert.java:140)
at org.testng.Assert.assertEquals(Assert.java:122)
at org.testng.Assert.assertEquals(Assert.java:629)
at org.testng.Assert.assertEquals(Assert.java:639)
at Academy.Validation.baseNavigation(Validation.java:33)
at java.base/jdk.internal.reflect.NativeMethodAccessorImpl.invoke0(Native Method)
at java.base/jdk.internal.reflect.NativeMethodAccessorImpl.invoke(NativeMethodAccessorImpl.java:62)
at java.base/jdk.internal.reflect.DelegatingMethodAccessorImpl.invoke(DelegatingMethodAccessorImpl.java:43)
at java.base/java.lang.reflect.Method.invoke(Method.java:566)
at org.testng.internal.MethodInvocationHelper.invokeMethod(MethodInvocationHelper.java:132)
at org.testng.internal.TestInvoker.invokeMethod(TestInvoker.java:599)
at org.testng.internal.TestInvoker.invokeTestMethod(TestInvoker.java:174)
at org.testng.internal.MethodRunner.runInSequence(MethodRunner.java:46)
at org.testng.internal.TestInvoker$MethodInvocationAgent.invoke(TestInvoker.java:822)
at org.testng.internal.TestInvoker.invokeTestMethods(TestInvoker.java:147)
at org.testng.internal.TestMethodWorker.invokeTestMethods(TestMethodWorker.java:146)
at org.testng.internal.TestMethodWorker.run(TestMethodWorker.java:128)
at java.base/java.util.ArrayList.forEach(ArrayList.java:1541)
at org.testng.TestRunner.privateRun(TestRunner.java:764)
at org.testng.TestRunner.run(TestRunner.java:585)
at org.testng.SuiteRunner.runTest(SuiteRunner.java:384)
at org.testng.SuiteRunner.access$000(SuiteRunner.java:28)
at org.testng.SuiteRunner$SuiteWorker.run(SuiteRunner.java:425)
at org.testng.internal.thread.ThreadUtil.lambda$execute$0(ThreadUtil.java:66)
at java.base/java.util.concurrent.FutureTask.run(FutureTask.java:264)
at java.base/java.util.concurrent.ThreadPoolExecutor.runWorker(ThreadPoolExecutor.java:1128)
at java.base/java.util.concurrent.ThreadPoolExecutor$Worker.run(ThreadPoolExecutor.java:628)
at java.base/java.lang.Thread.run(Thread.java:834)
]]>
            </full-stacktrace>
          </exception> <!-- java.lang.AssertionError -->
          <reporter-output>
          </reporter-output>
        </test-method> <!-- baseNavigation -->
        <test-method is-config="true" signature="teardown()[pri:0, instance:Academy.Validation@41c07648]" started-at="2020-11-16T18:28:00 IST" name="teardown" finished-at="2020-11-16T18:28:04 IST" duration-ms="4086" status="PASS">
          <reporter-output>
          </reporter-output>
        </test-method> <!-- teardown -->
      </class> <!-- Academy.Validation -->
    </test> <!-- Validation -->
  </suite> <!-- Suite -->
</testng-results>
